conky: desktop window (1a00028) is subwindow of root window (6c5)
conky: window type - normal
conky: drawing to created window (0x4e00002)
conky: drawing to double buffer
conky: forked to background, pid is 86464


conky: '/home/ernani/.conky/2monit-upleft.conkyrc' modified, reloading...
conky: desktop window (1a00028) is subwindow of root window (6c5)
conky: window type - desktop
conky: drawing to created window (0x4c00002)
conky: drawing to double buffer
                          Dload  Upload   Total   Spent    Left  Speed
  0     0    0     0    0     0      0      0 --:--:-- --:--:-- --:--:--     0100    15  100    15    0     0     17      0 --:--:-- --:--:-- --:--:--    17
  % Total    % Received % Xferd  Average Speed   Time    Time     Time  Current
                                 Dload  Upload   Total   Spent    Left  Speed
  0     0    0     0    0     0      0      0 --:--:-- --:--:-- --:--:--     0100    15  100    15    0     0     61      0 --:--:-- --:--:-- --:--:--    61
  % Total    % Received % Xferd  Average Speed   Time    Time     Time  Current
                                 Dload  Upload   Total   Spent    Left  Speed
  0     0    0     0    0     0      0      0 --:--:-- --:--:-- --:--:--     0100    15  100    15    0     0     71      0 --:--:-- --:--:-- --:--:--    71
  % Total    % Received % Xferd  Average Speed   Time    Time     Time  Current
                                 Dload  Upload   Total   Spent    Left  Speed
  0     0    0     0    0     0      0      0 --:--:-- --:--:-- --:--:--     0100    15  100    15    0     0     67      0 --:--:-- --:--:-- --:--:--    67
  % Total    % Received % Xferd  Average Speed   Time    Time     Time  Current
                                 Dload  Upload   Total   Spent    Left  Speed
  0     0    0     0    0     0      0      0 --:--:-- --:--:-- --:--:--     0100    15  100    15    0     0     70      0 --:--:-- --:--:-- --:--:--    70
